INFO - 
--- Running v4.0 Flag Conversion for Prescripted Countries ---
INFO - ✨ No flag blocks needed conversion.

INFO - Discovered 49 unique custom scripted trigger(s) in the mod.
WARNING - Potentially deprecated Syntax (v3.0: ai_weight for buildings removed except for branch offices): ai_weight = in line 36 file nanite_pop_assembly_buildings.txt

INFO - MULTI-LINE match (409-414):
'					is_lithoid_empire = no
					NOR = {
						is_robot_empire = yes
						is_hive_empire = yes
						has_origin = origin_synthetic_fertility
					}' with:⤵
'					NOR = {
						is_lithoid_empire = yes
						is_robot_empire = yes
						is_hive_empire = yes
						has_origin = origin_synthetic_fertility
					}'
INFO - MULTI-LINE match (123-128):
'					is_lithoid_empire = no
					NOR = {
						is_robot_empire = yes
						is_hive_empire = yes
						has_origin = origin_synthetic_fertility
					}' with:⤵
'					NOR = {
						is_lithoid_empire = yes
						is_robot_empire = yes
						is_hive_empire = yes
						has_origin = origin_synthetic_fertility
					}'
INFO - 💾 WRITE FILE: common\ship_sizes\00_ship_sizes_colony.txt
INFO - ✔ Script completed in 6.288 s
INFO - Main Version = 4.1 (Sub-version = .6)
INFO - Distant Stars Overhaul & Playable Nanite Machines version 4.1.6.0 on 'descriptor.mod' updated to 4.1.6!
INFO - ✔ Done! D:\Gog Games\Settings\Distant-Stars-Overhaul.git\distant_stars_overhaul_original
